Using pre-set license
Built from '2022.3/staging' branch; Version is '2022.3.16f1 (d2c21f0ef2f1) revision 13812255'; Using compiler version '192829333'; Build Type 'Release'
OS: 'Windows 11  (10.0.22000) 64bit Professional' Language: 'es' Physical Memory: 32552 MB
BatchMode: 1, IsHumanControllingUs: 0, StartBugReporterOnCrash: 0, Is64bit: 1, IsPro: 1

COMMAND LINE ARGUMENTS:
C:\Program Files\Unity\Hub\Editor\2022.3.16f1\Editor\Unity.exe
-adb2
-batchMode
-noUpm
-name
AssetImportWorker6
-projectPath
D:/Unity/Portafolio
-logFile
Logs/AssetImportWorker6.log
-srvPort
64965
Successfully changed project path to: D:/Unity/Portafolio
D:/Unity/Portafolio
[UnityMemory] Configuration Parameters - Can be set up in boot.config
    "memorysetup-bucket-allocator-granularity=16"
    "memorysetup-bucket-allocator-bucket-count=8"
    "memorysetup-bucket-allocator-block-size=33554432"
    "memorysetup-bucket-allocator-block-count=8"
    "memorysetup-main-allocator-block-size=16777216"
    "memorysetup-thread-allocator-block-size=16777216"
    "memorysetup-gfx-main-allocator-block-size=16777216"
    "memorysetup-gfx-thread-allocator-block-size=16777216"
    "memorysetup-cache-allocator-block-size=4194304"
    "memorysetup-typetree-allocator-block-size=2097152"
    "memorysetup-profiler-bucket-allocator-granularity=16"
    "memorysetup-profiler-bucket-allocator-bucket-count=8"
    "memorysetup-profiler-bucket-allocator-block-size=33554432"
    "memorysetup-profiler-bucket-allocator-block-count=8"
    "memorysetup-profiler-allocator-block-size=16777216"
    "memorysetup-profiler-editor-allocator-block-size=1048576"
    "memorysetup-temp-allocator-size-main=16777216"
    "memorysetup-job-temp-allocator-block-size=2097152"
    "memorysetup-job-temp-allocator-block-size-background=1048576"
    "memorysetup-job-temp-allocator-reduction-small-platforms=262144"
    "memorysetup-allocator-temp-initial-block-size-main=262144"
    "memorysetup-allocator-temp-initial-block-size-worker=262144"
    "memorysetup-temp-allocator-size-background-worker=32768"
    "memorysetup-temp-allocator-size-job-worker=262144"
    "memorysetup-temp-allocator-size-preload-manager=33554432"
    "memorysetup-temp-allocator-size-nav-mesh-worker=65536"
    "memorysetup-temp-allocator-size-audio-worker=65536"
    "memorysetup-temp-allocator-size-cloud-worker=32768"
    "memorysetup-temp-allocator-size-gi-baking-worker=262144"
    "memorysetup-temp-allocator-size-gfx=262144"
Player connection [33404] Host "[IP] 192.168.1.7 [Port] 0 [Flags] 2 [Guid] 2814692778 [EditorId] 2814692778 [Version] 1048832 [Id] WindowsEditor(7,DESKTOP-K5715DT) [Debug] 1 [PackageName] WindowsEditor [ProjectName] Editor" joined multi-casting on [225.0.0.222:54997]...

Player connection [33404] Host "[IP] 192.168.1.7 [Port] 0 [Flags] 2 [Guid] 2814692778 [EditorId] 2814692778 [Version] 1048832 [Id] WindowsEditor(7,DESKTOP-K5715DT) [Debug] 1 [PackageName] WindowsEditor [ProjectName] Editor" joined alternative multi-casting on [225.0.0.222:34997]...

[Physics::Module] Initialized MultithreadedJobDispatcher with 15 workers.
Refreshing native plugins compatible for Editor in 1229.62 ms, found 3 plugins.
Preloading 0 native plugins for Editor in 0.00 ms.
Initialize engine version: 2022.3.16f1 (d2c21f0ef2f1)
[Subsystems] Discovering subsystems at path C:/Program Files/Unity/Hub/Editor/2022.3.16f1/Editor/Data/Resources/UnitySubsystems
[Subsystems] Discovering subsystems at path D:/Unity/Portafolio/Assets
GfxDevice: creating device client; threaded=0; jobified=0
Direct3D:
    Version:  Direct3D 11.0 [level 11.1]
    Renderer: NVIDIA GeForce RTX 3060 (ID=0x2504)
    Vendor:   NVIDIA
    VRAM:     12129 MB
    Driver:   31.0.15.4633
Initialize mono
Mono path[0] = 'C:/Program Files/Unity/Hub/Editor/2022.3.16f1/Editor/Data/Managed'
Mono path[1] = 'C:/Program Files/Unity/Hub/Editor/2022.3.16f1/Editor/Data/MonoBleedingEdge/lib/mono/unityjit-win32'
Mono config path = 'C:/Program Files/Unity/Hub/Editor/2022.3.16f1/Editor/Data/MonoBleedingEdge/etc'
Using monoOptions --debugger-agent=transport=dt_socket,embedding=1,server=y,suspend=n,address=127.0.0.1:56360
Begin MonoManager ReloadAssembly
Registering precompiled unity dll's ...
Register platform support module: C:/Program Files/Unity/Hub/Editor/2022.3.16f1/Editor/Data/PlaybackEngines/WebGLSupport/UnityEditor.WebGL.Extensions.dll
Register platform support module: C:/Program Files/Unity/Hub/Editor/2022.3.16f1/Editor/Data/PlaybackEngines/WindowsStandaloneSupport/UnityEditor.WindowsStandalone.Extensions.dll
Registered in 0.159595 seconds.
- Loaded All Assemblies, in  4.742 seconds
Native extension for WindowsStandalone target not found
Native extension for WebGL target not found
Mono: successfully reloaded assembly
- Finished resetting the current domain, in  0.223 seconds
Domain Reload Profiling: 4964ms
	BeginReloadAssembly (3526ms)
		ExecutionOrderSort (0ms)
		DisableScriptedObjects (0ms)
		BackupInstance (0ms)
		ReleaseScriptingObjects (0ms)
		CreateAndSetChildDomain (1ms)
	RebuildCommonClasses (304ms)
	RebuildNativeTypeToScriptingClass (8ms)
	initialDomainReloadingComplete (200ms)
	LoadAllAssembliesAndSetupDomain (703ms)
		LoadAssemblies (3524ms)
		RebuildTransferFunctionScriptingTraits (0ms)
		AnalyzeDomain (701ms)
			TypeCache.Refresh (700ms)
				TypeCache.ScanAssembly (512ms)
			ScanForSourceGeneratedMonoScriptInfo (0ms)
			ResolveRequiredComponents (0ms)
	FinalizeReload (223ms)
		ReleaseScriptCaches (0ms)
		RebuildScriptCaches (0ms)
		SetupLoadedEditorAssemblies (176ms)
			LogAssemblyErrors (0ms)
			InitializePlatformSupportModulesInManaged (8ms)
			SetLoadedEditorAssemblies (4ms)
			RefreshPlugins (0ms)
			BeforeProcessingInitializeOnLoad (2ms)
			ProcessInitializeOnLoadAttributes (122ms)
			ProcessInitializeOnLoadMethodAttributes (40ms)
			AfterProcessingInitializeOnLoad (0ms)
			EditorAssembliesLoaded (0ms)
		ExecutionOrderSort2 (0ms)
		AwakeInstancesAfterBackupRestoration (0ms)
========================================================================
Worker process is ready to serve import requests
Begin MonoManager ReloadAssembly
- Loaded All Assemblies, in  3.955 seconds
Refreshing native plugins compatible for Editor in 1.37 ms, found 3 plugins.
Native extension for WindowsStandalone target not found
Native extension for WebGL target not found
Package Manager log level set to [2]
[Package Manager] Server::EnsureServerProcessIsRunning -- launch failed, reason: Unity was launched with the -noUpm command-line argument
[Package Manager] UpmClient::Send -- Unable to send message (not connected to UPM process).
[Package Manager] Cannot connect to Unity Package Manager local server
Mono: successfully reloaded assembly
- Finished resetting the current domain, in  0.455 seconds
Domain Reload Profiling: 4410ms
	BeginReloadAssembly (126ms)
		ExecutionOrderSort (0ms)
		DisableScriptedObjects (5ms)
		BackupInstance (0ms)
		ReleaseScriptingObjects (0ms)
		CreateAndSetChildDomain (25ms)
	RebuildCommonClasses (26ms)
	RebuildNativeTypeToScriptingClass (8ms)
	initialDomainReloadingComplete (32ms)
	LoadAllAssembliesAndSetupDomain (3761ms)
		LoadAssemblies (3381ms)
		RebuildTransferFunctionScriptingTraits (0ms)
		AnalyzeDomain (448ms)
			TypeCache.Refresh (432ms)
				TypeCache.ScanAssembly (385ms)
			ScanForSourceGeneratedMonoScriptInfo (11ms)
			ResolveRequiredComponents (3ms)
	FinalizeReload (456ms)
		ReleaseScriptCaches (0ms)
		RebuildScriptCaches (0ms)
		SetupLoadedEditorAssemblies (338ms)
			LogAssemblyErrors (0ms)
			InitializePlatformSupportModulesInManaged (5ms)
			SetLoadedEditorAssemblies (3ms)
			RefreshPlugins (0ms)
			BeforeProcessingInitializeOnLoad (45ms)
			ProcessInitializeOnLoadAttributes (263ms)
			ProcessInitializeOnLoadMethodAttributes (16ms)
			AfterProcessingInitializeOnLoad (5ms)
			EditorAssembliesLoaded (0ms)
		ExecutionOrderSort2 (0ms)
		AwakeInstancesAfterBackupRestoration (5ms)
Launched and connected shader compiler UnityShaderCompiler.exe after 0.05 seconds
Refreshing native plugins compatible for Editor in 1.45 ms, found 3 plugins.
Preloading 0 native plugins for Editor in 0.00 ms.
Unloading 3084 Unused Serialized files (Serialized files now loaded: 0)
Unloading 32 unused Assets / (57.2 KB). Loaded Objects now: 3547.
Memory consumption went from 123.2 MB to 123.1 MB.
Total: 3.206800 ms (FindLiveObjects: 0.262100 ms CreateObjectMapping: 0.203600 ms MarkObjects: 2.615400 ms  DeleteObjects: 0.124100 ms)

AssetImportParameters requested are different than current active one (requested -> active):
  custom:container-demuxer-ogg: 62fdf1f143b41e24485cea50d1cbac27 -> 
  custom:video-decoder-ogg-theora: a1e56fd34408186e4bbccfd4996cb3dc -> 
  custom:framework-win-MediaFoundation: 216162199b28c13a410421893ffa2e32 -> 
  custom:CustomObjectIndexerAttribute: 43b350a4d6e6d1791af0b5038c4bea17 -> 
  custom:container-demuxer-webm: 4f35f7cbe854078d1ac9338744f61a02 -> 
  custom:container-muxer-webm: aa71ff27fc2769a1b78a27578f13a17b -> 
  custom:video-decoder-webm-vp8: 9c59270c3fd7afecdb556c50c9e8de78 -> 
  custom:SearchIndexIgnoredProperties: e643bd26f0fe6173181afceb89e7c659 -> 
  custom:AudioImporter_EditorPlatform: d09bf68614088b80899f8185d706f6e7 -> 
  custom:video-encoder-webm-vp8: eb34c28f22e8b96e1ab97ce403110664 -> 
  custom:audio-decoder-ogg-vorbis: bf7c407c2cedff20999df2af8eb42d56 -> 
  custom:audio-encoder-webm-vorbis: bf7c407c2cedff20999df2af8eb42d56 -> 
========================================================================
Received Import Request.
  Time since last request: 625996.962071 seconds.
  path: Assets/Dragon_Models/attackFlame.fbx
  artifactKey: Guid(a24b319c2b926244fb78d5a380c9d27d) Importer(2089858483,0ecaa5967403d082aa24f35e1b516d23)
Start importing Assets/Dragon_Models/attackFlame.fbx using Guid(a24b319c2b926244fb78d5a380c9d27d) Importer(2089858483,0ecaa5967403d082aa24f35e1b516d23) Generated GUIDs only implemented for interfaces!
 -> (artifact id: 'd445511eca83386ec9818d60dec97eea') in 0.153789 seconds
Number of updated asset objects reloaded before import = 0
Number of asset objects unloaded after import = 249
========================================================================
Received Import Request.
  Time since last request: 0.000026 seconds.
  path: Assets/Dragon_Models/Dragon_Materials/Materials/RedHP.mat
  artifactKey: Guid(44d3795d6edb18f4f92753f1508fcc10) Importer(2089858483,0ecaa5967403d082aa24f35e1b516d23)
Start importing Assets/Dragon_Models/Dragon_Materials/Materials/RedHP.mat using Guid(44d3795d6edb18f4f92753f1508fcc10) Importer(2089858483,0ecaa5967403d082aa24f35e1b516d23) Generated GUIDs only implemented for interfaces!
 -> (artifact id: 'd1af2ec4418cd248bbffaefa8224f7a6') in 0.057055 seconds
Number of updated asset objects reloaded before import = 0
Number of asset objects unloaded after import = 2
========================================================================
Received Import Request.
  Time since last request: 0.000026 seconds.
  path: Assets/Prefabs/attackFlame.prefab
  artifactKey: Guid(9e17c2b1a773e6f4eb4f3c46724d5298) Importer(2089858483,0ecaa5967403d082aa24f35e1b516d23)
Start importing Assets/Prefabs/attackFlame.prefab using Guid(9e17c2b1a773e6f4eb4f3c46724d5298) Importer(2089858483,0ecaa5967403d082aa24f35e1b516d23) Generated GUIDs only implemented for interfaces!
 -> (artifact id: '222fd69f1d18d532fd387cd6fcbc5bc0') in 0.022231 seconds
Number of updated asset objects reloaded before import = 0
Number of asset objects unloaded after import = 494
========================================================================
Received Import Request.
  Time since last request: 0.000020 seconds.
  path: Assets/EldamarStudio/100+ Cinematic Post Processing Profiles/Post Processing Profiles/Post-processing Profile #100.asset
  artifactKey: Guid(5ef2fbe3c7d919c4d930d7f571919f9a) Importer(2089858483,0ecaa5967403d082aa24f35e1b516d23)
Start importing Assets/EldamarStudio/100+ Cinematic Post Processing Profiles/Post Processing Profiles/Post-processing Profile #100.asset using Guid(5ef2fbe3c7d919c4d930d7f571919f9a) Importer(2089858483,0ecaa5967403d082aa24f35e1b516d23) Generated GUIDs only implemented for interfaces!
 -> (artifact id: '1c94bce2ac3ddb19b389684b35906485') in 0.008959 seconds
Number of updated asset objects reloaded before import = 0
Number of asset objects unloaded after import = 1
========================================================================
Received Import Request.
  Time since last request: 0.000022 seconds.
  path: Assets/EldamarStudio/100+ Cinematic Post Processing Profiles/Post Processing Profiles/Post-processing Profile #2.asset
  artifactKey: Guid(37305d804a65fee44b2d86ea9a6d5adf) Importer(2089858483,0ecaa5967403d082aa24f35e1b516d23)
Start importing Assets/EldamarStudio/100+ Cinematic Post Processing Profiles/Post Processing Profiles/Post-processing Profile #2.asset using Guid(37305d804a65fee44b2d86ea9a6d5adf) Importer(2089858483,0ecaa5967403d082aa24f35e1b516d23) Generated GUIDs only implemented for interfaces!
 -> (artifact id: 'f10c9078af15ded9da60ce89ee5a8886') in 0.011419 seconds
Number of updated asset objects reloaded before import = 0
Number of asset objects unloaded after import = 1
========================================================================
Received Import Request.
  Time since last request: 0.000018 seconds.
  path: Assets/EldamarStudio/100+ Cinematic Post Processing Profiles/Post Processing Profiles/Post-processing Profile #20.asset
  artifactKey: Guid(9cc55a7fb8c2b7045aeeb92f61cf1379) Importer(2089858483,0ecaa5967403d082aa24f35e1b516d23)
Start importing Assets/EldamarStudio/100+ Cinematic Post Processing Profiles/Post Processing Profiles/Post-processing Profile #20.asset using Guid(9cc55a7fb8c2b7045aeeb92f61cf1379) Importer(2089858483,0ecaa5967403d082aa24f35e1b516d23) Generated GUIDs only implemented for interfaces!
 -> (artifact id: '6c78638287bd090a49fd28799052bfe2') in 0.008814 seconds
Number of updated asset objects reloaded before import = 0
Number of asset objects unloaded after import = 1
========================================================================
Received Import Request.
  Time since last request: 0.000020 seconds.
  path: Assets/EldamarStudio/100+ Cinematic Post Processing Profiles/LUTs/Matte LUT #5.png
  artifactKey: Guid(893233232997569438deb65bf70a84fe) Importer(2089858483,0ecaa5967403d082aa24f35e1b516d23)
Start importing Assets/EldamarStudio/100+ Cinematic Post Processing Profiles/LUTs/Matte LUT #5.png using Guid(893233232997569438deb65bf70a84fe) Importer(2089858483,0ecaa5967403d082aa24f35e1b516d23) Generated GUIDs only implemented for interfaces!
 -> (artifact id: '1dc13a6341ff4c6f892a431ad0add8bb') in 0.056901 seconds
Number of updated asset objects reloaded before import = 0
Number of asset objects unloaded after import = 1
========================================================================
Received Import Request.
  Time since last request: 0.000020 seconds.
  path: Assets/Prefabs/Dragon2.prefab
  artifactKey: Guid(579288dbf3f8d584f8c37edcf227bf3b) Importer(2089858483,0ecaa5967403d082aa24f35e1b516d23)
Start importing Assets/Prefabs/Dragon2.prefab using Guid(579288dbf3f8d584f8c37edcf227bf3b) Importer(2089858483,0ecaa5967403d082aa24f35e1b516d23) Generated GUIDs only implemented for interfaces!
 -> (artifact id: 'c7d98f2bebe2815a7598ddf69ff5697c') in 0.021458 seconds
Number of updated asset objects reloaded before import = 0
Number of asset objects unloaded after import = 350
========================================================================
Received Import Request.
  Time since last request: 0.000021 seconds.
  path: Assets/EldamarStudio/100+ Cinematic Post Processing Profiles/LUTs/Dreamy LUT #10.png
  artifactKey: Guid(fe1df97ef271b5f48a90a5603c01a5bb) Importer(2089858483,0ecaa5967403d082aa24f35e1b516d23)
Start importing Assets/EldamarStudio/100+ Cinematic Post Processing Profiles/LUTs/Dreamy LUT #10.png using Guid(fe1df97ef271b5f48a90a5603c01a5bb) Importer(2089858483,0ecaa5967403d082aa24f35e1b516d23) Generated GUIDs only implemented for interfaces!
 -> (artifact id: '09eda05f63ac3906091e1933dc1aa038') in 0.023050 seconds
Number of updated asset objects reloaded before import = 0
Number of asset objects unloaded after import = 1
========================================================================
Received Import Request.
  Time since last request: 0.000028 seconds.
  path: Assets/EldamarStudio/100+ Cinematic Post Processing Profiles/Post Processing Profiles/Post-processing Profile #11.asset
  artifactKey: Guid(5d538dfc2d233b547b3fd3bd3d3a82e7) Importer(2089858483,0ecaa5967403d082aa24f35e1b516d23)
Start importing Assets/EldamarStudio/100+ Cinematic Post Processing Profiles/Post Processing Profiles/Post-processing Profile #11.asset using Guid(5d538dfc2d233b547b3fd3bd3d3a82e7) Importer(2089858483,0ecaa5967403d082aa24f35e1b516d23) Generated GUIDs only implemented for interfaces!
 -> (artifact id: '697cf456ef0e41b5295aa3b27b3d9fc7') in 0.011699 seconds
Number of updated asset objects reloaded before import = 0
Number of asset objects unloaded after import = 1
========================================================================
Received Import Request.
  Time since last request: 0.000024 seconds.
  path: Assets/EldamarStudio/100+ Cinematic Post Processing Profiles/Post Processing Profiles/Post-processing Profile #22.asset
  artifactKey: Guid(e897ca7b5d0f38e49af9971e54f60ede) Importer(2089858483,0ecaa5967403d082aa24f35e1b516d23)
Start importing Assets/EldamarStudio/100+ Cinematic Post Processing Profiles/Post Processing Profiles/Post-processing Profile #22.asset using Guid(e897ca7b5d0f38e49af9971e54f60ede) Importer(2089858483,0ecaa5967403d082aa24f35e1b516d23) Generated GUIDs only implemented for interfaces!
 -> (artifact id: '7b75689f0e81bd9e7735b9ff0fdb00ec') in 0.010283 seconds
Number of updated asset objects reloaded before import = 0
Number of asset objects unloaded after import = 1
========================================================================
Received Import Request.
  Time since last request: 0.000032 seconds.
  path: Assets/UI/UI_Dragons/Btn_Izq.png
  artifactKey: Guid(322508c1b2c7ae8458c68d0266510fd3) Importer(2089858483,0ecaa5967403d082aa24f35e1b516d23)
Start importing Assets/UI/UI_Dragons/Btn_Izq.png using Guid(322508c1b2c7ae8458c68d0266510fd3) Importer(2089858483,0ecaa5967403d082aa24f35e1b516d23) Generated GUIDs only implemented for interfaces!
 -> (artifact id: '96b915369bec3d437992ef2a6dd904e6') in 0.034200 seconds
Number of updated asset objects reloaded before import = 0
Number of asset objects unloaded after import = 3
========================================================================
Received Import Request.
  Time since last request: 0.000029 seconds.
  path: Assets/EldamarStudio/100+ Cinematic Post Processing Profiles/LUTs/Dreamy LUT #3.png
  artifactKey: Guid(8e1d7845b213af5468e70484e9808b1b) Importer(2089858483,0ecaa5967403d082aa24f35e1b516d23)
Start importing Assets/EldamarStudio/100+ Cinematic Post Processing Profiles/LUTs/Dreamy LUT #3.png using Guid(8e1d7845b213af5468e70484e9808b1b) Importer(2089858483,0ecaa5967403d082aa24f35e1b516d23) Generated GUIDs only implemented for interfaces!
 -> (artifact id: '4a39f909d08da02505bf06a0582ed0f6') in 0.022470 seconds
Number of updated asset objects reloaded before import = 0
Number of asset objects unloaded after import = 1
========================================================================
Received Import Request.
  Time since last request: 0.000031 seconds.
  path: Assets/EldamarStudio/100+ Cinematic Post Processing Profiles/Post Processing Profiles/Post-processing Profile #26.asset
  artifactKey: Guid(94a7d41379f1fe54c9cc652855fce8fb) Importer(2089858483,0ecaa5967403d082aa24f35e1b516d23)
Start importing Assets/EldamarStudio/100+ Cinematic Post Processing Profiles/Post Processing Profiles/Post-processing Profile #26.asset using Guid(94a7d41379f1fe54c9cc652855fce8fb) Importer(2089858483,0ecaa5967403d082aa24f35e1b516d23) Generated GUIDs only implemented for interfaces!
 -> (artifact id: 'fffeaea2f00fac42a99224e35e35127e') in 0.010662 seconds
Number of updated asset objects reloaded before import = 0
Number of asset objects unloaded after import = 1
========================================================================
Received Import Request.
  Time since last request: 0.000022 seconds.
  path: Assets/EldamarStudio/100+ Cinematic Post Processing Profiles/Post Processing Profiles/Post-processing Profile #15.asset
  artifactKey: Guid(4e51fb22de1b68d478de9b0ff8f25fba) Importer(2089858483,0ecaa5967403d082aa24f35e1b516d23)
Start importing Assets/EldamarStudio/100+ Cinematic Post Processing Profiles/Post Processing Profiles/Post-processing Profile #15.asset using Guid(4e51fb22de1b68d478de9b0ff8f25fba) Importer(2089858483,0ecaa5967403d082aa24f35e1b516d23) Generated GUIDs only implemented for interfaces!
 -> (artifact id: '5fab8002f9711d5ffc5a2e923c4af321') in 0.015775 seconds
Number of updated asset objects reloaded before import = 0
Number of asset objects unloaded after import = 1
========================================================================
Received Import Request.
  Time since last request: 0.000022 seconds.
  path: Assets/Scenes/SelectScene.unity
  artifactKey: Guid(9fc0d4010bbf28b4594072e72b8655ab) Importer(2089858483,0ecaa5967403d082aa24f35e1b516d23)
Start importing Assets/Scenes/SelectScene.unity using Guid(9fc0d4010bbf28b4594072e72b8655ab) Importer(2089858483,0ecaa5967403d082aa24f35e1b516d23) Generated GUIDs only implemented for interfaces!
 -> (artifact id: 'd74b7e6dab25edfebc7c5a5e50be12c7') in 0.010639 seconds
Number of updated asset objects reloaded before import = 0
Number of asset objects unloaded after import = 1
========================================================================
Received Import Request.
  Time since last request: 0.000023 seconds.
  path: Assets/EldamarStudio/100+ Cinematic Post Processing Profiles/Post Processing Profiles/Post-processing Profile #101.asset
  artifactKey: Guid(aa26629a576f4014481e4fa98790a1c1) Importer(2089858483,0ecaa5967403d082aa24f35e1b516d23)
Start importing Assets/EldamarStudio/100+ Cinematic Post Processing Profiles/Post Processing Profiles/Post-processing Profile #101.asset using Guid(aa26629a576f4014481e4fa98790a1c1) Importer(2089858483,0ecaa5967403d082aa24f35e1b516d23) Generated GUIDs only implemented for interfaces!
 -> (artifact id: '3e3238df09cb51d4ca070fadda94d568') in 0.012773 seconds
Number of updated asset objects reloaded before import = 0
Number of asset objects unloaded after import = 1
========================================================================
Received Import Request.
  Time since last request: 0.000104 seconds.
  path: Assets/EldamarStudio/100+ Cinematic Post Processing Profiles/LUTs/Autumn LUT #6.png
  artifactKey: Guid(b9b15b8349317ad41a65234e346aad43) Importer(2089858483,0ecaa5967403d082aa24f35e1b516d23)
Start importing Assets/EldamarStudio/100+ Cinematic Post Processing Profiles/LUTs/Autumn LUT #6.png using Guid(b9b15b8349317ad41a65234e346aad43) Importer(2089858483,0ecaa5967403d082aa24f35e1b516d23) Generated GUIDs only implemented for interfaces!
 -> (artifact id: '3dbca40077d196e48938cbf8dc09c070') in 0.032643 seconds
Number of updated asset objects reloaded before import = 0
Number of asset objects unloaded after import = 1
========================================================================
Received Import Request.
  Time since last request: 0.000028 seconds.
  path: Assets/EldamarStudio/100+ Cinematic Post Processing Profiles/Post Processing Profiles/Post-processing Profile #29.asset
  artifactKey: Guid(069950c1fae18574384cde446c0deacc) Importer(2089858483,0ecaa5967403d082aa24f35e1b516d23)
Start importing Assets/EldamarStudio/100+ Cinematic Post Processing Profiles/Post Processing Profiles/Post-processing Profile #29.asset using Guid(069950c1fae18574384cde446c0deacc) Importer(2089858483,0ecaa5967403d082aa24f35e1b516d23) Generated GUIDs only implemented for interfaces!
 -> (artifact id: '1ce5b7bfc21ea9b473196c8620179eef') in 0.010010 seconds
Number of updated asset objects reloaded before import = 0
Number of asset objects unloaded after import = 1
========================================================================
Received Import Request.
  Time since last request: 0.000018 seconds.
  path: Assets/EldamarStudio/100+ Cinematic Post Processing Profiles/Post Processing Profiles/Post-processing Profile #5.asset
  artifactKey: Guid(18dc0367fb81ec944bd084fe1067c058) Importer(2089858483,0ecaa5967403d082aa24f35e1b516d23)
Start importing Assets/EldamarStudio/100+ Cinematic Post Processing Profiles/Post Processing Profiles/Post-processing Profile #5.asset using Guid(18dc0367fb81ec944bd084fe1067c058) Importer(2089858483,0ecaa5967403d082aa24f35e1b516d23) Generated GUIDs only implemented for interfaces!
 -> (artifact id: '541f7d0a2a59b6d8bd9fab0bd1361ee4') in 0.009687 seconds
Number of updated asset objects reloaded before import = 0
Number of asset objects unloaded after import = 1
========================================================================
Received Import Request.
  Time since last request: 0.000028 seconds.
  path: Assets/EldamarStudio/100+ Cinematic Post Processing Profiles/Post Processing Profiles/Post-processing Profile #49.asset
  artifactKey: Guid(cc0bd9cbd8d34db409bf3f9d086e7a68) Importer(2089858483,0ecaa5967403d082aa24f35e1b516d23)
Start importing Assets/EldamarStudio/100+ Cinematic Post Processing Profiles/Post Processing Profiles/Post-processing Profile #49.asset using Guid(cc0bd9cbd8d34db409bf3f9d086e7a68) Importer(2089858483,0ecaa5967403d082aa24f35e1b516d23) Generated GUIDs only implemented for interfaces!
 -> (artifact id: '29c743d9d78c8c7e6721d72e062b7f42') in 0.009202 seconds
Number of updated asset objects reloaded before import = 0
Number of asset objects unloaded after import = 1
========================================================================
Received Import Request.
  Time since last request: 0.000022 seconds.
  path: Assets/EldamarStudio/100+ Cinematic Post Processing Profiles/Post Processing Profiles/Post-processing Profile #38.asset
  artifactKey: Guid(ff2e77f53d6efd94b9ff5e0913af35a1) Importer(2089858483,0ecaa5967403d082aa24f35e1b516d23)
Start importing Assets/EldamarStudio/100+ Cinematic Post Processing Profiles/Post Processing Profiles/Post-processing Profile #38.asset using Guid(ff2e77f53d6efd94b9ff5e0913af35a1) Importer(2089858483,0ecaa5967403d082aa24f35e1b516d23) Generated GUIDs only implemented for interfaces!
 -> (artifact id: '263792b525e613ca2b4d3f7185a8c7d4') in 0.010193 seconds
Number of updated asset objects reloaded before import = 0
Number of asset objects unloaded after import = 1
========================================================================
Received Import Request.
  Time since last request: 0.000021 seconds.
  path: Assets/EldamarStudio/100+ Cinematic Post Processing Profiles/Post Processing Profiles/Post-processing Profile #30.asset
  artifactKey: Guid(135548eacd14d5a4ebb8a07cb6cc7c4a) Importer(2089858483,0ecaa5967403d082aa24f35e1b516d23)
Start importing Assets/EldamarStudio/100+ Cinematic Post Processing Profiles/Post Processing Profiles/Post-processing Profile #30.asset using Guid(135548eacd14d5a4ebb8a07cb6cc7c4a) Importer(2089858483,0ecaa5967403d082aa24f35e1b516d23) Generated GUIDs only implemented for interfaces!
 -> (artifact id: '881dafe62f750711b674e92d3d89be2e') in 0.010590 seconds
Number of updated asset objects reloaded before import = 0
Number of asset objects unloaded after import = 1
========================================================================
Received Import Request.
  Time since last request: 0.000021 seconds.
  path: Assets/EldamarStudio/100+ Cinematic Post Processing Profiles/Post Processing Profiles/Post-processing Profile #46.asset
  artifactKey: Guid(cee69769c67ab574790fe43750ebae82) Importer(2089858483,0ecaa5967403d082aa24f35e1b516d23)
Start importing Assets/EldamarStudio/100+ Cinematic Post Processing Profiles/Post Processing Profiles/Post-processing Profile #46.asset using Guid(cee69769c67ab574790fe43750ebae82) Importer(2089858483,0ecaa5967403d082aa24f35e1b516d23) Generated GUIDs only implemented for interfaces!
 -> (artifact id: '35d8a301b411db6d7354ebe484e54039') in 0.009703 seconds
Number of updated asset objects reloaded before import = 0
Number of asset objects unloaded after import = 1
========================================================================
Received Import Request.
  Time since last request: 0.000019 seconds.
  path: Assets/EldamarStudio/100+ Cinematic Post Processing Profiles/LUTs/Black and White LUT #1.png
  artifactKey: Guid(5ee38ad22f3d0974088a60b37ec5fb21) Importer(2089858483,0ecaa5967403d082aa24f35e1b516d23)
Start importing Assets/EldamarStudio/100+ Cinematic Post Processing Profiles/LUTs/Black and White LUT #1.png using Guid(5ee38ad22f3d0974088a60b37ec5fb21) Importer(2089858483,0ecaa5967403d082aa24f35e1b516d23) Generated GUIDs only implemented for interfaces!
 -> (artifact id: '50f86f86122d6fd681927a2c1900727e') in 0.024132 seconds
Number of updated asset objects reloaded before import = 0
Number of asset objects unloaded after import = 1
========================================================================
Received Import Request.
  Time since last request: 0.000020 seconds.
  path: Assets/EldamarStudio/100+ Cinematic Post Processing Profiles/LUTs/Retro LUT #10.png
  artifactKey: Guid(2667fa1897a610a488f4169e6289ff5e) Importer(2089858483,0ecaa5967403d082aa24f35e1b516d23)
Start importing Assets/EldamarStudio/100+ Cinematic Post Processing Profiles/LUTs/Retro LUT #10.png using Guid(2667fa1897a610a488f4169e6289ff5e) Importer(2089858483,0ecaa5967403d082aa24f35e1b516d23) Generated GUIDs only implemented for interfaces!
 -> (artifact id: 'ee8b6271056fb5ae597a91e7d2375ec6') in 0.025786 seconds
Number of updated asset objects reloaded before import = 0
Number of asset objects unloaded after import = 1
========================================================================
Received Import Request.
  Time since last request: 0.000025 seconds.
  path: Assets/EldamarStudio/100+ Cinematic Post Processing Profiles/Post Processing Profiles/Post-processing Profile #39.asset
  artifactKey: Guid(17028c1a50bedf3448e5918af9afb59c) Importer(2089858483,0ecaa5967403d082aa24f35e1b516d23)
Start importing Assets/EldamarStudio/100+ Cinematic Post Processing Profiles/Post Processing Profiles/Post-processing Profile #39.asset using Guid(17028c1a50bedf3448e5918af9afb59c) Importer(2089858483,0ecaa5967403d082aa24f35e1b516d23) Generated GUIDs only implemented for interfaces!
 -> (artifact id: '24c3e4fcdd6e9ebe98f91426e18980ee') in 0.009271 seconds
Number of updated asset objects reloaded before import = 0
Number of asset objects unloaded after import = 1
========================================================================
Received Import Request.
  Time since last request: 0.000026 seconds.
  path: Assets/EldamarStudio/100+ Cinematic Post Processing Profiles/LUTs/Dreamy LUT #8.png
  artifactKey: Guid(7957f3a106dd8504097bf4a6202b38eb) Importer(2089858483,0ecaa5967403d082aa24f35e1b516d23)
Start importing Assets/EldamarStudio/100+ Cinematic Post Processing Profiles/LUTs/Dreamy LUT #8.png using Guid(7957f3a106dd8504097bf4a6202b38eb) Importer(2089858483,0ecaa5967403d082aa24f35e1b516d23) Generated GUIDs only implemented for interfaces!
 -> (artifact id: '279d6e12aa0aadca60ae01dcbebff5ae') in 0.022231 seconds
Number of updated asset objects reloaded before import = 0
Number of asset objects unloaded after import = 1
========================================================================
Received Import Request.
  Time since last request: 0.000028 seconds.
  path: Assets/EldamarStudio/100+ Cinematic Post Processing Profiles/Post Processing Profiles/Post-processing Profile #37.asset
  artifactKey: Guid(90da9be7782015d49ac08c0c1b294584) Importer(2089858483,0ecaa5967403d082aa24f35e1b516d23)
Start importing Assets/EldamarStudio/100+ Cinematic Post Processing Profiles/Post Processing Profiles/Post-processing Profile #37.asset using Guid(90da9be7782015d49ac08c0c1b294584) Importer(2089858483,0ecaa5967403d082aa24f35e1b516d23) Generated GUIDs only implemented for interfaces!
 -> (artifact id: '802d23f46c13b66e595200b13defac95') in 0.009220 seconds
Number of updated asset objects reloaded before import = 0
Number of asset objects unloaded after import = 1
========================================================================
Received Import Request.
  Time since last request: 0.000023 seconds.
  path: Assets/EldamarStudio/100+ Cinematic Post Processing Profiles/LUTs/Sepia LUT #5.png
  artifactKey: Guid(b06bfd62c6f031a4e8dac7d3faf9c404) Importer(2089858483,0ecaa5967403d082aa24f35e1b516d23)
Start importing Assets/EldamarStudio/100+ Cinematic Post Processing Profiles/LUTs/Sepia LUT #5.png using Guid(b06bfd62c6f031a4e8dac7d3faf9c404) Importer(2089858483,0ecaa5967403d082aa24f35e1b516d23) Generated GUIDs only implemented for interfaces!
 -> (artifact id: 'f997e2fcc58754dbb8e944954e60c45e') in 0.025740 seconds
Number of updated asset objects reloaded before import = 0
Number of asset objects unloaded after import = 1
========================================================================
Received Import Request.
  Time since last request: 0.000022 seconds.
  path: Assets/UI/UI_Dragons/Dragon3_Umbrus.png
  artifactKey: Guid(d1decdedb4e4eab468be6932d61ddb3e) Importer(2089858483,0ecaa5967403d082aa24f35e1b516d23)
Start importing Assets/UI/UI_Dragons/Dragon3_Umbrus.png using Guid(d1decdedb4e4eab468be6932d61ddb3e) Importer(2089858483,0ecaa5967403d082aa24f35e1b516d23) Generated GUIDs only implemented for interfaces!
 -> (artifact id: 'b140526389b32bf15d7052c580156dff') in 0.029503 seconds
Number of updated asset objects reloaded before import = 0
Number of asset objects unloaded after import = 3
========================================================================
Received Import Request.
  Time since last request: 0.000021 seconds.
  path: Assets/EldamarStudio/100+ Cinematic Post Processing Profiles/Post Processing Profiles/Post-processing Profile #27.asset
  artifactKey: Guid(349ebc089df149e41bc28385078617cb) Importer(2089858483,0ecaa5967403d082aa24f35e1b516d23)
Start importing Assets/EldamarStudio/100+ Cinematic Post Processing Profiles/Post Processing Profiles/Post-processing Profile #27.asset using Guid(349ebc089df149e41bc28385078617cb) Importer(2089858483,0ecaa5967403d082aa24f35e1b516d23) Generated GUIDs only implemented for interfaces!
 -> (artifact id: '319702fbf8a43f0628299a92b75d2e6b') in 0.010720 seconds
Number of updated asset objects reloaded before import = 0
Number of asset objects unloaded after import = 1
========================================================================
Received Import Request.
  Time since last request: 0.000024 seconds.
  path: Assets/EldamarStudio/100+ Cinematic Post Processing Profiles/Readme.rtf
  artifactKey: Guid(3c99a8ab62d349c458897940f07fef97) Importer(2089858483,0ecaa5967403d082aa24f35e1b516d23)
Start importing Assets/EldamarStudio/100+ Cinematic Post Processing Profiles/Readme.rtf using Guid(3c99a8ab62d349c458897940f07fef97) Importer(2089858483,0ecaa5967403d082aa24f35e1b516d23) Generated GUIDs only implemented for interfaces!
 -> (artifact id: '94013438d1dc6d6ea6fae01787716d8b') in 0.009619 seconds
Number of updated asset objects reloaded before import = 0
Number of asset objects unloaded after import = 1
========================================================================
Received Import Request.
  Time since last request: 0.000023 seconds.
  path: Assets/EldamarStudio/100+ Cinematic Post Processing Profiles/Post Processing Profiles/Post-processing Profile #42.asset
  artifactKey: Guid(41c171278d374a14cbbae0214d21e547) Importer(2089858483,0ecaa5967403d082aa24f35e1b516d23)
Start importing Assets/EldamarStudio/100+ Cinematic Post Processing Profiles/Post Processing Profiles/Post-processing Profile #42.asset using Guid(41c171278d374a14cbbae0214d21e547) Importer(2089858483,0ecaa5967403d082aa24f35e1b516d23) Generated GUIDs only implemented for interfaces!
 -> (artifact id: 'b19c2f2a40e762b0ba03cdcef1965c09') in 0.009708 seconds
Number of updated asset objects reloaded before import = 0
Number of asset objects unloaded after import = 1
========================================================================
Received Import Request.
  Time since last request: 0.000019 seconds.
  path: Assets/EldamarStudio/100+ Cinematic Post Processing Profiles/Post Processing Profiles/Post-processing Profile #52.asset
  artifactKey: Guid(f4e0bb243ec3d1f4fa01a3ab8ea75a5b) Importer(2089858483,0ecaa5967403d082aa24f35e1b516d23)
Start importing Assets/EldamarStudio/100+ Cinematic Post Processing Profiles/Post Processing Profiles/Post-processing Profile #52.asset using Guid(f4e0bb243ec3d1f4fa01a3ab8ea75a5b) Importer(2089858483,0ecaa5967403d082aa24f35e1b516d23) Generated GUIDs only implemented for interfaces!
 -> (artifact id: '916b01633686122f71bbfdaf2bae1c17') in 0.009610 seconds
Number of updated asset objects reloaded before import = 0
Number of asset objects unloaded after import = 1
========================================================================
Received Import Request.
  Time since last request: 0.000022 seconds.
  path: Assets/EldamarStudio/100+ Cinematic Post Processing Profiles/LUTs/Black and White LUT #5.png
  artifactKey: Guid(006efee44158c274ea92765d56213c4b) Importer(2089858483,0ecaa5967403d082aa24f35e1b516d23)
Start importing Assets/EldamarStudio/100+ Cinematic Post Processing Profiles/LUTs/Black and White LUT #5.png using Guid(006efee44158c274ea92765d56213c4b) Importer(2089858483,0ecaa5967403d082aa24f35e1b516d23) Generated GUIDs only implemented for interfaces!
 -> (artifact id: '71e867fc5a887a1ef68c0d2717e07377') in 0.021535 seconds
Number of updated asset objects reloaded before import = 0
Number of asset objects unloaded after import = 1
========================================================================
Received Import Request.
  Time since last request: 0.000023 seconds.
  path: Assets/UI/Panel_Introduccion.png
  artifactKey: Guid(6de244fffdc85834f81909df4771e33e) Importer(2089858483,0ecaa5967403d082aa24f35e1b516d23)
Start importing Assets/UI/Panel_Introduccion.png using Guid(6de244fffdc85834f81909df4771e33e) Importer(2089858483,0ecaa5967403d082aa24f35e1b516d23) Generated GUIDs only implemented for interfaces!
 -> (artifact id: 'd1de20baf37b4809377c649ff6750a06') in 0.053959 seconds
Number of updated asset objects reloaded before import = 0
Number of asset objects unloaded after import = 3
========================================================================
Received Import Request.
  Time since last request: 0.000023 seconds.
  path: Assets/EldamarStudio/100+ Cinematic Post Processing Profiles/LUTs/Matte LUT #4.png
  artifactKey: Guid(3bb2bb0abd5f95741aa1a16c86d6a177) Importer(2089858483,0ecaa5967403d082aa24f35e1b516d23)
Start importing Assets/EldamarStudio/100+ Cinematic Post Processing Profiles/LUTs/Matte LUT #4.png using Guid(3bb2bb0abd5f95741aa1a16c86d6a177) Importer(2089858483,0ecaa5967403d082aa24f35e1b516d23) Generated GUIDs only implemented for interfaces!
 -> (artifact id: '784aad97f31f1a461c404ba327e93d3d') in 0.026897 seconds
Number of updated asset objects reloaded before import = 0
Number of asset objects unloaded after import = 1
========================================================================
Received Import Request.
  Time since last request: 0.000024 seconds.
  path: Assets/EldamarStudio/100+ Cinematic Post Processing Profiles/LUTs/Matte LUT #8.png
  artifactKey: Guid(bdcad8f7dc690e847ab401b33188da05) Importer(2089858483,0ecaa5967403d082aa24f35e1b516d23)
Start importing Assets/EldamarStudio/100+ Cinematic Post Processing Profiles/LUTs/Matte LUT #8.png using Guid(bdcad8f7dc690e847ab401b33188da05) Importer(2089858483,0ecaa5967403d082aa24f35e1b516d23) Generated GUIDs only implemented for interfaces!
 -> (artifact id: '8e48657c1c53922d59dab6e78250adf8') in 0.022758 seconds
Number of updated asset objects reloaded before import = 0
Number of asset objects unloaded after import = 1
========================================================================
Received Import Request.
  Time since last request: 0.000031 seconds.
  path: Assets/EldamarStudio/100+ Cinematic Post Processing Profiles/LUTs/Autumn LUT #7.png
  artifactKey: Guid(27e498aacc3ac854f805241a76297484) Importer(2089858483,0ecaa5967403d082aa24f35e1b516d23)
Start importing Assets/EldamarStudio/100+ Cinematic Post Processing Profiles/LUTs/Autumn LUT #7.png using Guid(27e498aacc3ac854f805241a76297484) Importer(2089858483,0ecaa5967403d082aa24f35e1b516d23) Generated GUIDs only implemented for interfaces!
 -> (artifact id: '2fefeac77374503347a87e81f99b238d') in 0.023253 seconds
Number of updated asset objects reloaded before import = 0
Number of asset objects unloaded after import = 1
========================================================================
Received Import Request.
  Time since last request: 0.000018 seconds.
  path: Assets/Dragon_Models/Dragon_Materials/AlbinoHP.png
  artifactKey: Guid(07b90778bfdef15419abdfafe3dbe03b) Importer(2089858483,0ecaa5967403d082aa24f35e1b516d23)
Start importing Assets/Dragon_Models/Dragon_Materials/AlbinoHP.png using Guid(07b90778bfdef15419abdfafe3dbe03b) Importer(2089858483,0ecaa5967403d082aa24f35e1b516d23) Generated GUIDs only implemented for interfaces!
 -> (artifact id: 'e56e7d3110bc8a9ff6276340da80e7b8') in 0.029993 seconds
Number of updated asset objects reloaded before import = 0
Number of asset objects unloaded after import = 1
========================================================================
Received Import Request.
  Time since last request: 0.000018 seconds.
  path: Assets/EldamarStudio/100+ Cinematic Post Processing Profiles/LUTs/Autumn LUT #1.png
  artifactKey: Guid(1b478a3642f765c43800c36b1cc40ca0) Importer(2089858483,0ecaa5967403d082aa24f35e1b516d23)
Start importing Assets/EldamarStudio/100+ Cinematic Post Processing Profiles/LUTs/Autumn LUT #1.png using Guid(1b478a3642f765c43800c36b1cc40ca0) Importer(2089858483,0ecaa5967403d082aa24f35e1b516d23) Generated GUIDs only implemented for interfaces!
 -> (artifact id: 'ee35baeb7de9fad653b5dcf5beaee8d2') in 0.024015 seconds
Number of updated asset objects reloaded before import = 0
Number of asset objects unloaded after import = 1
========================================================================
Received Import Request.
  Time since last request: 0.000019 seconds.
  path: Assets/EldamarStudio/100+ Cinematic Post Processing Profiles/LUTs/Dreamy LUT #6.png
  artifactKey: Guid(ad5d8a3cf4925ba46b9d1c4cde6dd041) Importer(2089858483,0ecaa5967403d082aa24f35e1b516d23)
Start importing Assets/EldamarStudio/100+ Cinematic Post Processing Profiles/LUTs/Dreamy LUT #6.png using Guid(ad5d8a3cf4925ba46b9d1c4cde6dd041) Importer(2089858483,0ecaa5967403d082aa24f35e1b516d23) Generated GUIDs only implemented for interfaces!
 -> (artifact id: '0bbdb47d93ac27c448e1373a3f0155e1') in 0.023852 seconds
Number of updated asset objects reloaded before import = 0
Number of asset objects unloaded after import = 1
========================================================================
Received Import Request.
  Time since last request: 0.000044 seconds.
  path: Assets/EldamarStudio/100+ Cinematic Post Processing Profiles/LUTs/Black and White LUT #10.png
  artifactKey: Guid(e1f64bf7ec13c55438e0d877f86899cc) Importer(2089858483,0ecaa5967403d082aa24f35e1b516d23)
Start importing Assets/EldamarStudio/100+ Cinematic Post Processing Profiles/LUTs/Black and White LUT #10.png using Guid(e1f64bf7ec13c55438e0d877f86899cc) Importer(2089858483,0ecaa5967403d082aa24f35e1b516d23) Generated GUIDs only implemented for interfaces!
 -> (artifact id: '41e628494c63e2aa3de4d20004f1126f') in 0.025040 seconds
Number of updated asset objects reloaded before import = 0
Number of asset objects unloaded after import = 1
========================================================================
Received Import Request.
  Time since last request: 0.000017 seconds.
  path: Assets/EldamarStudio/100+ Cinematic Post Processing Profiles/Post Processing Profiles/Post-processing Profile #75.asset
  artifactKey: Guid(e48acc6d152d2de4cbca733a7c18eb77) Importer(2089858483,0ecaa5967403d082aa24f35e1b516d23)
Start importing Assets/EldamarStudio/100+ Cinematic Post Processing Profiles/Post Processing Profiles/Post-processing Profile #75.asset using Guid(e48acc6d152d2de4cbca733a7c18eb77) Importer(2089858483,0ecaa5967403d082aa24f35e1b516d23) Generated GUIDs only implemented for interfaces!
 -> (artifact id: '1959697667a454b6a2e204f88fa4d220') in 0.009366 seconds
Number of updated asset objects reloaded before import = 0
Number of asset objects unloaded after import = 1
========================================================================
Received Import Request.
  Time since last request: 0.000067 seconds.
  path: Assets/EldamarStudio/100+ Cinematic Post Processing Profiles/Post Processing Profiles/Post-processing Profile #96.asset
  artifactKey: Guid(159bfc925b2a7e84b8e1478733816b01) Importer(2089858483,0ecaa5967403d082aa24f35e1b516d23)
Start importing Assets/EldamarStudio/100+ Cinematic Post Processing Profiles/Post Processing Profiles/Post-processing Profile #96.asset using Guid(159bfc925b2a7e84b8e1478733816b01) Importer(2089858483,0ecaa5967403d082aa24f35e1b516d23) Generated GUIDs only implemented for interfaces!
 -> (artifact id: '3742fadd11a7e93e70c8516f7bc7b588') in 0.009558 seconds
Number of updated asset objects reloaded before import = 0
Number of asset objects unloaded after import = 1
========================================================================
Received Import Request.
  Time since last request: 0.000018 seconds.
  path: Assets/EldamarStudio/100+ Cinematic Post Processing Profiles/Post Processing Profiles/Post-processing Profile #72.asset
  artifactKey: Guid(5c8c47a3424dc0142816d7ab3e7f3612) Importer(2089858483,0ecaa5967403d082aa24f35e1b516d23)
Start importing Assets/EldamarStudio/100+ Cinematic Post Processing Profiles/Post Processing Profiles/Post-processing Profile #72.asset using Guid(5c8c47a3424dc0142816d7ab3e7f3612) Importer(2089858483,0ecaa5967403d082aa24f35e1b516d23) Generated GUIDs only implemented for interfaces!
 -> (artifact id: '26e4ed7befd6c78b4058e2137064be70') in 0.009554 seconds
Number of updated asset objects reloaded before import = 0
Number of asset objects unloaded after import = 1
========================================================================
Received Import Request.
  Time since last request: 0.000017 seconds.
  path: Assets/UI/UI_Dragons/Render_textures/Ardemtius.renderTexture
  artifactKey: Guid(f8a9ebe40d94bdc4290cafd72c24e63a) Importer(2089858483,0ecaa5967403d082aa24f35e1b516d23)
Start importing Assets/UI/UI_Dragons/Render_textures/Ardemtius.renderTexture using Guid(f8a9ebe40d94bdc4290cafd72c24e63a) Importer(2089858483,0ecaa5967403d082aa24f35e1b516d23) Generated GUIDs only implemented for interfaces!
 -> (artifact id: 'afca916fb84fdbbfad13370c70a2b984') in 0.019440 seconds
Number of updated asset objects reloaded before import = 0
Number of asset objects unloaded after import = 1
========================================================================
Received Import Request.
  Time since last request: 0.000034 seconds.
  path: Assets/EldamarStudio/100+ Cinematic Post Processing Profiles/Post Processing Profiles/Post-processing Profile #83.asset
  artifactKey: Guid(4009e5203c9616443bafd7bbf72bc460) Importer(2089858483,0ecaa5967403d082aa24f35e1b516d23)
Start importing Assets/EldamarStudio/100+ Cinematic Post Processing Profiles/Post Processing Profiles/Post-processing Profile #83.asset using Guid(4009e5203c9616443bafd7bbf72bc460) Importer(2089858483,0ecaa5967403d082aa24f35e1b516d23) Generated GUIDs only implemented for interfaces!
 -> (artifact id: 'efad46e75603a044f816a530530727b3') in 0.009529 seconds
Number of updated asset objects reloaded before import = 0
Number of asset objects unloaded after import = 1
========================================================================
Received Import Request.
  Time since last request: 0.000025 seconds.
  path: Assets/EldamarStudio/100+ Cinematic Post Processing Profiles/Post Processing Profiles/Post-processing Profile #77.asset
  artifactKey: Guid(037396e13ab74e34caeafbee8f0318f6) Importer(2089858483,0ecaa5967403d082aa24f35e1b516d23)
Start importing Assets/EldamarStudio/100+ Cinematic Post Processing Profiles/Post Processing Profiles/Post-processing Profile #77.asset using Guid(037396e13ab74e34caeafbee8f0318f6) Importer(2089858483,0ecaa5967403d082aa24f35e1b516d23) Generated GUIDs only implemented for interfaces!
 -> (artifact id: '002139b17618286bb3b8d2ef5dc1a96a') in 0.009563 seconds
Number of updated asset objects reloaded before import = 0
Number of asset objects unloaded after import = 1
========================================================================
Received Import Request.
  Time since last request: 0.000025 seconds.
  path: Assets/EldamarStudio/100+ Cinematic Post Processing Profiles/Post Processing Profiles/Post-processing Profile #61.asset
  artifactKey: Guid(20bb959e193e9284d84e96976b0241d9) Importer(2089858483,0ecaa5967403d082aa24f35e1b516d23)
Start importing Assets/EldamarStudio/100+ Cinematic Post Processing Profiles/Post Processing Profiles/Post-processing Profile #61.asset using Guid(20bb959e193e9284d84e96976b0241d9) Importer(2089858483,0ecaa5967403d082aa24f35e1b516d23) Generated GUIDs only implemented for interfaces!
 -> (artifact id: '4eccbd9a0826cc441977cbd5915dde00') in 0.009314 seconds
Number of updated asset objects reloaded before import = 0
Number of asset objects unloaded after import = 1
========================================================================
Received Import Request.
  Time since last request: 0.000018 seconds.
  path: Assets/EldamarStudio/100+ Cinematic Post Processing Profiles/Post Processing Profiles/Post-processing Profile #94.asset
  artifactKey: Guid(15eabce68d7344d4285f42b20e0d025a) Importer(2089858483,0ecaa5967403d082aa24f35e1b516d23)
Start importing Assets/EldamarStudio/100+ Cinematic Post Processing Profiles/Post Processing Profiles/Post-processing Profile #94.asset using Guid(15eabce68d7344d4285f42b20e0d025a) Importer(2089858483,0ecaa5967403d082aa24f35e1b516d23) Generated GUIDs only implemented for interfaces!
 -> (artifact id: 'd1182838ab63cf3724e44d5aab56fd82') in 0.009414 seconds
Number of updated asset objects reloaded before import = 0
Number of asset objects unloaded after import = 1
========================================================================
Received Import Request.
  Time since last request: 0.000021 seconds.
  path: Assets/EldamarStudio/100+ Cinematic Post Processing Profiles/Post Processing Profiles/Post-processing Profile #84.asset
  artifactKey: Guid(4f7eebfce89edbe4caa2472253dcbce8) Importer(2089858483,0ecaa5967403d082aa24f35e1b516d23)
Start importing Assets/EldamarStudio/100+ Cinematic Post Processing Profiles/Post Processing Profiles/Post-processing Profile #84.asset using Guid(4f7eebfce89edbe4caa2472253dcbce8) Importer(2089858483,0ecaa5967403d082aa24f35e1b516d23) Generated GUIDs only implemented for interfaces!
 -> (artifact id: 'fdf3427e884725b200337a734e837b97') in 0.008737 seconds
Number of updated asset objects reloaded before import = 0
Number of asset objects unloaded after import = 1
========================================================================
Received Import Request.
  Time since last request: 0.000025 seconds.
  path: Assets/EldamarStudio/100+ Cinematic Post Processing Profiles/Post Processing Profiles/Post-processing Profile #86.asset
  artifactKey: Guid(5f765320c6365db41bf8f0122525729c) Importer(2089858483,0ecaa5967403d082aa24f35e1b516d23)
Start importing Assets/EldamarStudio/100+ Cinematic Post Processing Profiles/Post Processing Profiles/Post-processing Profile #86.asset using Guid(5f765320c6365db41bf8f0122525729c) Importer(2089858483,0ecaa5967403d082aa24f35e1b516d23) Generated GUIDs only implemented for interfaces!
 -> (artifact id: 'b81481badfae3a16aa6dfa2ecfedf960') in 0.009308 seconds
Number of updated asset objects reloaded before import = 0
Number of asset objects unloaded after import = 1
========================================================================
Received Import Request.
  Time since last request: 0.000028 seconds.
  path: Assets/EldamarStudio/100+ Cinematic Post Processing Profiles/Post Processing Profiles/Post-processing Profile #70.asset
  artifactKey: Guid(819194384f308be40ae52ccb1a2aab24) Importer(2089858483,0ecaa5967403d082aa24f35e1b516d23)
Start importing Assets/EldamarStudio/100+ Cinematic Post Processing Profiles/Post Processing Profiles/Post-processing Profile #70.asset using Guid(819194384f308be40ae52ccb1a2aab24) Importer(2089858483,0ecaa5967403d082aa24f35e1b516d23) Generated GUIDs only implemented for interfaces!
 -> (artifact id: '63ef47566ceac8527418a9e41d5cb21f') in 0.009602 seconds
Number of updated asset objects reloaded before import = 0
Number of asset objects unloaded after import = 1
========================================================================
Received Import Request.
  Time since last request: 0.000019 seconds.
  path: Assets/EldamarStudio/100+ Cinematic Post Processing Profiles/Post Processing Profiles/Post-processing Profile #91.asset
  artifactKey: Guid(de3ba23e8d34644409791b3b8c6233ee) Importer(2089858483,0ecaa5967403d082aa24f35e1b516d23)
Start importing Assets/EldamarStudio/100+ Cinematic Post Processing Profiles/Post Processing Profiles/Post-processing Profile #91.asset using Guid(de3ba23e8d34644409791b3b8c6233ee) Importer(2089858483,0ecaa5967403d082aa24f35e1b516d23) Generated GUIDs only implemented for interfaces!
 -> (artifact id: 'b350229a85ae8ff50c85c77479e868f1') in 0.010033 seconds
Number of updated asset objects reloaded before import = 0
Number of asset objects unloaded after import = 1
========================================================================
Received Import Request.
  Time since last request: 0.000025 seconds.
  path: Assets/EldamarStudio/100+ Cinematic Post Processing Profiles/Post Processing Profiles/Post-processing Profile #99.asset
  artifactKey: Guid(7ec6a950110e649439ac18ade1584f2d) Importer(2089858483,0ecaa5967403d082aa24f35e1b516d23)
Start importing Assets/EldamarStudio/100+ Cinematic Post Processing Profiles/Post Processing Profiles/Post-processing Profile #99.asset using Guid(7ec6a950110e649439ac18ade1584f2d) Importer(2089858483,0ecaa5967403d082aa24f35e1b516d23) Generated GUIDs only implemented for interfaces!
 -> (artifact id: 'ec21cd651199acc0854ccb324459d02f') in 0.010568 seconds
Number of updated asset objects reloaded before import = 0
Number of asset objects unloaded after import = 1
========================================================================
Received Import Request.
  Time since last request: 0.000024 seconds.
  path: Assets/EldamarStudio/100+ Cinematic Post Processing Profiles/Post Processing Profiles/Post-processing Profile #93.asset
  artifactKey: Guid(08902c54b49db9846a8ee12d0a291a44) Importer(2089858483,0ecaa5967403d082aa24f35e1b516d23)
Start importing Assets/EldamarStudio/100+ Cinematic Post Processing Profiles/Post Processing Profiles/Post-processing Profile #93.asset using Guid(08902c54b49db9846a8ee12d0a291a44) Importer(2089858483,0ecaa5967403d082aa24f35e1b516d23) Generated GUIDs only implemented for interfaces!
 -> (artifact id: 'ffeca98c5705c022f52e38f0d2f650fa') in 0.009141 seconds
Number of updated asset objects reloaded before import = 0
Number of asset objects unloaded after import = 1
========================================================================
Received Import Request.
  Time since last request: 0.000022 seconds.
  path: Assets/EldamarStudio/100+ Cinematic Post Processing Profiles/test/Example Scene/images/book-of-the-dead-2-1038x576.png
  artifactKey: Guid(aeff6e452c338e7478d1a5ba86351d61) Importer(2089858483,0ecaa5967403d082aa24f35e1b516d23)
Start importing Assets/EldamarStudio/100+ Cinematic Post Processing Profiles/test/Example Scene/images/book-of-the-dead-2-1038x576.png using Guid(aeff6e452c338e7478d1a5ba86351d61) Importer(2089858483,0ecaa5967403d082aa24f35e1b516d23) Generated GUIDs only implemented for interfaces!
 -> (artifact id: '1dae41352452bed35a464723d60eebf2') in 0.034415 seconds
Number of updated asset objects reloaded before import = 0
Number of asset objects unloaded after import = 3
========================================================================
Received Import Request.
  Time since last request: 0.000021 seconds.
  path: Assets/EldamarStudio/100+ Cinematic Post Processing Profiles/test/Example Scene/test.unity
  artifactKey: Guid(47000d7be749b8648b0ed74d09658c98) Importer(2089858483,0ecaa5967403d082aa24f35e1b516d23)
Start importing Assets/EldamarStudio/100+ Cinematic Post Processing Profiles/test/Example Scene/test.unity using Guid(47000d7be749b8648b0ed74d09658c98) Importer(2089858483,0ecaa5967403d082aa24f35e1b516d23) Generated GUIDs only implemented for interfaces!
 -> (artifact id: '0a68686f2be561cf6dbebcb5be3b9bff') in 0.008948 seconds
Number of updated asset objects reloaded before import = 0
Number of asset objects unloaded after import = 1
========================================================================
Received Import Request.
  Time since last request: 0.005545 seconds.
  path: Assets/EldamarStudio/100+ Cinematic Post Processing Profiles/LUTs/Dreamy LUT #5.png
  artifactKey: Guid(13fdb99a6586cac4eae67cfc31520ee6) Importer(2089858483,0ecaa5967403d082aa24f35e1b516d23)
Start importing Assets/EldamarStudio/100+ Cinematic Post Processing Profiles/LUTs/Dreamy LUT #5.png using Guid(13fdb99a6586cac4eae67cfc31520ee6) Importer(2089858483,0ecaa5967403d082aa24f35e1b516d23) Generated GUIDs only implemented for interfaces!
 -> (artifact id: '2169c2608868363573382349dad81b78') in 0.021045 seconds
Number of updated asset objects reloaded before import = 0
Number of asset objects unloaded after import = 1
========================================================================
Received Import Request.
  Time since last request: 0.000022 seconds.
  path: Assets/EldamarStudio/100+ Cinematic Post Processing Profiles/LUTs/Retro LUT #2.png
  artifactKey: Guid(ce92bd3891926aa4ba18b9d059877511) Importer(2089858483,0ecaa5967403d082aa24f35e1b516d23)
Start importing Assets/EldamarStudio/100+ Cinematic Post Processing Profiles/LUTs/Retro LUT #2.png using Guid(ce92bd3891926aa4ba18b9d059877511) Importer(2089858483,0ecaa5967403d082aa24f35e1b516d23) Generated GUIDs only implemented for interfaces!
 -> (artifact id: '007a61fef4f553fb492ebc29e1a091ae') in 0.023915 seconds
Number of updated asset objects reloaded before import = 0
Number of asset objects unloaded after import = 1
========================================================================
Received Import Request.
  Time since last request: 0.000020 seconds.
  path: Assets/EldamarStudio/100+ Cinematic Post Processing Profiles/Post Processing Profiles/Post-processing Profile #36.asset
  artifactKey: Guid(284e2c92f7e4c3c47accf5b64e50d58f) Importer(2089858483,0ecaa5967403d082aa24f35e1b516d23)
Start importing Assets/EldamarStudio/100+ Cinematic Post Processing Profiles/Post Processing Profiles/Post-processing Profile #36.asset using Guid(284e2c92f7e4c3c47accf5b64e50d58f) Importer(2089858483,0ecaa5967403d082aa24f35e1b516d23) Generated GUIDs only implemented for interfaces!
 -> (artifact id: 'bada96484e003cb2a98d6bebab6d2b0f') in 0.012630 seconds
Number of updated asset objects reloaded before import = 0
Number of asset objects unloaded after import = 1
========================================================================
Received Import Request.
  Time since last request: 0.000028 seconds.
  path: Assets/EldamarStudio/100+ Cinematic Post Processing Profiles/LUTs/Dreamy LUT #9.png
  artifactKey: Guid(b378c3d4058a85d47b5294b7c949cbe7) Importer(2089858483,0ecaa5967403d082aa24f35e1b516d23)
Start importing Assets/EldamarStudio/100+ Cinematic Post Processing Profiles/LUTs/Dreamy LUT #9.png using Guid(b378c3d4058a85d47b5294b7c949cbe7) Importer(2089858483,0ecaa5967403d082aa24f35e1b516d23) Generated GUIDs only implemented for interfaces!
 -> (artifact id: '2e8d26e671de9808692c7ab9f43f3ddd') in 0.031283 seconds
Number of updated asset objects reloaded before import = 0
Number of asset objects unloaded after import = 1
========================================================================
Received Import Request.
  Time since last request: 0.000021 seconds.
  path: Assets/EldamarStudio/100+ Cinematic Post Processing Profiles/Post Processing Profiles/Post-processing Profile #31.asset
  artifactKey: Guid(38419493080982344a86c0f2a21f1bd9) Importer(2089858483,0ecaa5967403d082aa24f35e1b516d23)
Start importing Assets/EldamarStudio/100+ Cinematic Post Processing Profiles/Post Processing Profiles/Post-processing Profile #31.asset using Guid(38419493080982344a86c0f2a21f1bd9) Importer(2089858483,0ecaa5967403d082aa24f35e1b516d23) Generated GUIDs only implemented for interfaces!
 -> (artifact id: '176884424d93f74b41aebf45fe225367') in 0.009675 seconds
Number of updated asset objects reloaded before import = 0
Number of asset objects unloaded after import = 1
========================================================================
Received Import Request.
  Time since last request: 0.000023 seconds.
  path: Assets/EldamarStudio/100+ Cinematic Post Processing Profiles/Post Processing Profiles/Post-processing Profile #88.asset
  artifactKey: Guid(23d1f50a272a1dd49b7f58d0349e8d41) Importer(2089858483,0ecaa5967403d082aa24f35e1b516d23)
Start importing Assets/EldamarStudio/100+ Cinematic Post Processing Profiles/Post Processing Profiles/Post-processing Profile #88.asset using Guid(23d1f50a272a1dd49b7f58d0349e8d41) Importer(2089858483,0ecaa5967403d082aa24f35e1b516d23) Generated GUIDs only implemented for interfaces!
 -> (artifact id: '5b5c94239adc3e38b09f5e602426699f') in 0.013529 seconds
Number of updated asset objects reloaded before import = 0
Number of asset objects unloaded after import = 1
========================================================================
Received Import Request.
  Time since last request: 0.000026 seconds.
  path: Assets/EldamarStudio/100+ Cinematic Post Processing Profiles/Post Processing Profiles/Post-processing Profile #48.asset
  artifactKey: Guid(a952618c8ebde5e48984f98508283d29) Importer(2089858483,0ecaa5967403d082aa24f35e1b516d23)
Start importing Assets/EldamarStudio/100+ Cinematic Post Processing Profiles/Post Processing Profiles/Post-processing Profile #48.asset using Guid(a952618c8ebde5e48984f98508283d29) Importer(2089858483,0ecaa5967403d082aa24f35e1b516d23) Generated GUIDs only implemented for interfaces!
 -> (artifact id: '499e28764ed8c92b2aac31731c245854') in 0.009965 seconds
Number of updated asset objects reloaded before import = 0
Number of asset objects unloaded after import = 1
========================================================================
Received Import Request.
  Time since last request: 0.000030 seconds.
  path: Assets/EldamarStudio/100+ Cinematic Post Processing Profiles/Post Processing Profiles/Post-processing Profile #10.asset
  artifactKey: Guid(bf5e077c7cafb5e43bdedd468b8d2938) Importer(2089858483,0ecaa5967403d082aa24f35e1b516d23)
Start importing Assets/EldamarStudio/100+ Cinematic Post Processing Profiles/Post Processing Profiles/Post-processing Profile #10.asset using Guid(bf5e077c7cafb5e43bdedd468b8d2938) Importer(2089858483,0ecaa5967403d082aa24f35e1b516d23) Generated GUIDs only implemented for interfaces!
 -> (artifact id: '99dfe0505ef30f9e2b0f867e20bcd0be') in 0.011643 seconds
Number of updated asset objects reloaded before import = 0
Number of asset objects unloaded after import = 1
========================================================================
Received Import Request.
  Time since last request: 0.000021 seconds.
  path: Assets/EldamarStudio/100+ Cinematic Post Processing Profiles/Post Processing Profiles/Post-processing Profile #13.asset
  artifactKey: Guid(c6f51dce466720e469c2767256feb81e) Importer(2089858483,0ecaa5967403d082aa24f35e1b516d23)
Start importing Assets/EldamarStudio/100+ Cinematic Post Processing Profiles/Post Processing Profiles/Post-processing Profile #13.asset using Guid(c6f51dce466720e469c2767256feb81e) Importer(2089858483,0ecaa5967403d082aa24f35e1b516d23) Generated GUIDs only implemented for interfaces!
 -> (artifact id: '255823cd5695f468884d66412e8663e4') in 0.009218 seconds
Number of updated asset objects reloaded before import = 0
Number of asset objects unloaded after import = 1
========================================================================
Received Import Request.
  Time since last request: 0.000022 seconds.
  path: Assets/EldamarStudio/100+ Cinematic Post Processing Profiles/Post Processing Profiles/Post-processing Profile #45.asset
  artifactKey: Guid(d9b92f4244f4e1b49b35b15be272ef16) Importer(2089858483,0ecaa5967403d082aa24f35e1b516d23)
Start importing Assets/EldamarStudio/100+ Cinematic Post Processing Profiles/Post Processing Profiles/Post-processing Profile #45.asset using Guid(d9b92f4244f4e1b49b35b15be272ef16) Importer(2089858483,0ecaa5967403d082aa24f35e1b516d23) Generated GUIDs only implemented for interfaces!
 -> (artifact id: 'b24306a41b58617825f80d7352a8d2c8') in 0.010185 seconds
Number of updated asset objects reloaded before import = 0
Number of asset objects unloaded after import = 1
========================================================================
Received Import Request.
  Time since last request: 0.000023 seconds.
  path: Assets/EldamarStudio/100+ Cinematic Post Processing Profiles/Post Processing Profiles/Post-processing Profile #18.asset
  artifactKey: Guid(3288d7a2e3aee774bb9fa17ecbb47bd3) Importer(2089858483,0ecaa5967403d082aa24f35e1b516d23)
Start importing Assets/EldamarStudio/100+ Cinematic Post Processing Profiles/Post Processing Profiles/Post-processing Profile #18.asset using Guid(3288d7a2e3aee774bb9fa17ecbb47bd3) Importer(2089858483,0ecaa5967403d082aa24f35e1b516d23) Generated GUIDs only implemented for interfaces!
 -> (artifact id: '2ff7b0b0a5fb1da71271b4f77c28611e') in 0.009075 seconds
Number of updated asset objects reloaded before import = 0
Number of asset objects unloaded after import = 1
========================================================================
Received Import Request.
  Time since last request: 0.000170 seconds.
  path: Assets/EldamarStudio/100+ Cinematic Post Processing Profiles/LUTs/Black and White LUT #9.png
  artifactKey: Guid(bf70020d43ba6af4da40a0a58c519f79) Importer(2089858483,0ecaa5967403d082aa24f35e1b516d23)
Start importing Assets/EldamarStudio/100+ Cinematic Post Processing Profiles/LUTs/Black and White LUT #9.png using Guid(bf70020d43ba6af4da40a0a58c519f79) Importer(2089858483,0ecaa5967403d082aa24f35e1b516d23) Generated GUIDs only implemented for interfaces!
 -> (artifact id: '724061cf8a69be9dd04d025c59cdc887') in 0.025177 seconds
Number of updated asset objects reloaded before import = 0
Number of asset objects unloaded after import = 1
========================================================================
Received Import Request.
  Time since last request: 0.000022 seconds.
  path: Assets/EldamarStudio/100+ Cinematic Post Processing Profiles/Post Processing Profiles/Post-processing Profile #14.asset
  artifactKey: Guid(28ace09c46da8d042ae8f3b20f432de7) Importer(2089858483,0ecaa5967403d082aa24f35e1b516d23)
Start importing Assets/EldamarStudio/100+ Cinematic Post Processing Profiles/Post Processing Profiles/Post-processing Profile #14.asset using Guid(28ace09c46da8d042ae8f3b20f432de7) Importer(2089858483,0ecaa5967403d082aa24f35e1b516d23) Generated GUIDs only implemented for interfaces!
 -> (artifact id: '31359459b585e373ce1b364a52cd260a') in 0.012077 seconds
Number of updated asset objects reloaded before import = 0
Number of asset objects unloaded after import = 1
========================================================================
Received Import Request.
  Time since last request: 0.000022 seconds.
  path: Assets/EldamarStudio/100+ Cinematic Post Processing Profiles/Post Processing Profiles/Post-processing Profile #28.asset
  artifactKey: Guid(a231e2d798c485047af5f39e8e789143) Importer(2089858483,0ecaa5967403d082aa24f35e1b516d23)
Start importing Assets/EldamarStudio/100+ Cinematic Post Processing Profiles/Post Processing Profiles/Post-processing Profile #28.asset using Guid(a231e2d798c485047af5f39e8e789143) Importer(2089858483,0ecaa5967403d082aa24f35e1b516d23) Generated GUIDs only implemented for interfaces!
 -> (artifact id: 'c12ae5de67d6c6aae660ff2311af9288') in 0.011382 seconds
Number of updated asset objects reloaded before import = 0
Number of asset objects unloaded after import = 1
========================================================================
Received Import Request.
  Time since last request: 0.000019 seconds.
  path: Assets/EldamarStudio/100+ Cinematic Post Processing Profiles/Post Processing Profiles/Post-processing Profile #33.asset
  artifactKey: Guid(509d6d381ab75264c89f378e76a51015) Importer(2089858483,0ecaa5967403d082aa24f35e1b516d23)
Start importing Assets/EldamarStudio/100+ Cinematic Post Processing Profiles/Post Processing Profiles/Post-processing Profile #33.asset using Guid(509d6d381ab75264c89f378e76a51015) Importer(2089858483,0ecaa5967403d082aa24f35e1b516d23) Generated GUIDs only implemented for interfaces!
 -> (artifact id: 'af1dac2710f901edc2730dcce5c2cf43') in 0.010422 seconds
Number of updated asset objects reloaded before import = 0
Number of asset objects unloaded after import = 1
========================================================================
Received Import Request.
  Time since last request: 0.000019 seconds.
  path: Assets/UI/UI_Dragons/Diseo_UI_INFO.png
  artifactKey: Guid(aaf2f3facaaa66448861ddbbf5625fa9) Importer(2089858483,0ecaa5967403d082aa24f35e1b516d23)
Start importing Assets/UI/UI_Dragons/Diseo_UI_INFO.png using Guid(aaf2f3facaaa66448861ddbbf5625fa9) Importer(2089858483,0ecaa5967403d082aa24f35e1b516d23) Generated GUIDs only implemented for interfaces!
 -> (artifact id: 'f23ef8e5f15b1589b1c5c445c4329bf1') in 0.029533 seconds
Number of updated asset objects reloaded before import = 0
Number of asset objects unloaded after import = 3
========================================================================
Received Import Request.
  Time since last request: 0.000018 seconds.
  path: Assets/EldamarStudio/100+ Cinematic Post Processing Profiles/LUTs/Retro LUT #8.png
  artifactKey: Guid(d7218911aabab4d45b73e0309b9f1032) Importer(2089858483,0ecaa5967403d082aa24f35e1b516d23)
Start importing Assets/EldamarStudio/100+ Cinematic Post Processing Profiles/LUTs/Retro LUT #8.png using Guid(d7218911aabab4d45b73e0309b9f1032) Importer(2089858483,0ecaa5967403d082aa24f35e1b516d23) Generated GUIDs only implemented for interfaces!
 -> (artifact id: '9b3c3034cef1168b6dbd23f558eaa051') in 0.027016 seconds
Number of updated asset objects reloaded before import = 0
Number of asset objects unloaded after import = 1
========================================================================
Received Import Request.
  Time since last request: 0.000021 seconds.
  path: Assets/Off Axis Studios/Polyworks/Demos/DemoMeshes/CanyonRocksMergedFBX/Materials/Scene_Rocks_Brown_03.mat
  artifactKey: Guid(70cfe56a682390d4a9ca11d2c36e6c4a) Importer(2089858483,0ecaa5967403d082aa24f35e1b516d23)
Start importing Assets/Off Axis Studios/Polyworks/Demos/DemoMeshes/CanyonRocksMergedFBX/Materials/Scene_Rocks_Brown_03.mat using Guid(70cfe56a682390d4a9ca11d2c36e6c4a) Importer(2089858483,0ecaa5967403d082aa24f35e1b516d23) Generated GUIDs only implemented for interfaces!
 -> (artifact id: '687068ba84c5bc51dc4e76e659878c4f') in 0.021207 seconds
Number of updated asset objects reloaded before import = 0
Number of asset objects unloaded after import = 1
========================================================================
Received Import Request.
  Time since last request: 0.000025 seconds.
  path: Assets/EldamarStudio/100+ Cinematic Post Processing Profiles/LUTs/Autumn LUT #9.png
  artifactKey: Guid(270ff9c14d7a8154f86c7151ce1bdf5f) Importer(2089858483,0ecaa5967403d082aa24f35e1b516d23)
Start importing Assets/EldamarStudio/100+ Cinematic Post Processing Profiles/LUTs/Autumn LUT #9.png using Guid(270ff9c14d7a8154f86c7151ce1bdf5f) Importer(2089858483,0ecaa5967403d082aa24f35e1b516d23) Generated GUIDs only implemented for interfaces!
 -> (artifact id: '03950e780e9e37d286eb644171eb5d04') in 0.021580 seconds
Number of updated asset objects reloaded before import = 0
Number of asset objects unloaded after import = 1
========================================================================
Received Import Request.
  Time since last request: 0.000021 seconds.
  path: Assets/EldamarStudio/100+ Cinematic Post Processing Profiles/LUTs/Black and White LUT #7.png
  artifactKey: Guid(13fc8de2f1dca26459e5bb1ba066e7a0) Importer(2089858483,0ecaa5967403d082aa24f35e1b516d23)
Start importing Assets/EldamarStudio/100+ Cinematic Post Processing Profiles/LUTs/Black and White LUT #7.png using Guid(13fc8de2f1dca26459e5bb1ba066e7a0) Importer(2089858483,0ecaa5967403d082aa24f35e1b516d23) Generated GUIDs only implemented for interfaces!
 -> (artifact id: 'c1da4013ff2b831c3e4a9a13128c9959') in 0.025520 seconds
Number of updated asset objects reloaded before import = 0
Number of asset objects unloaded after import = 1
========================================================================
Received Import Request.
  Time since last request: 0.000026 seconds.
  path: Assets/EldamarStudio/100+ Cinematic Post Processing Profiles/Post Processing Profiles/Post-processing Profile #92.asset
  artifactKey: Guid(1e0fe0d7dd761f943a07cb468cc5156e) Importer(2089858483,0ecaa5967403d082aa24f35e1b516d23)
Start importing Assets/EldamarStudio/100+ Cinematic Post Processing Profiles/Post Processing Profiles/Post-processing Profile #92.asset using Guid(1e0fe0d7dd761f943a07cb468cc5156e) Importer(2089858483,0ecaa5967403d082aa24f35e1b516d23) Generated GUIDs only implemented for interfaces!
 -> (artifact id: 'a221b7029870b20ce727bff302e1fb47') in 0.009114 seconds
Number of updated asset objects reloaded before import = 0
Number of asset objects unloaded after import = 1
========================================================================
Received Import Request.
  Time since last request: 0.000030 seconds.
  path: Assets/EldamarStudio/100+ Cinematic Post Processing Profiles/LUTs/Matte LUT #7.png
  artifactKey: Guid(772e5a351f649e2428564c81ba145c73) Importer(2089858483,0ecaa5967403d082aa24f35e1b516d23)
Start importing Assets/EldamarStudio/100+ Cinematic Post Processing Profiles/LUTs/Matte LUT #7.png using Guid(772e5a351f649e2428564c81ba145c73) Importer(2089858483,0ecaa5967403d082aa24f35e1b516d23) Generated GUIDs only implemented for interfaces!
 -> (artifact id: '9e7db27735c7cd2e9b28a10cb91bd286') in 0.021560 seconds
Number of updated asset objects reloaded before import = 0
Number of asset objects unloaded after import = 1
========================================================================
Received Import Request.
  Time since last request: 0.000017 seconds.
  path: Assets/EldamarStudio/100+ Cinematic Post Processing Profiles/Post Processing Profiles/Post-processing Profile #12.asset
  artifactKey: Guid(904bb53e5e8cde44eaf85ca5eed8d31a) Importer(2089858483,0ecaa5967403d082aa24f35e1b516d23)
Start importing Assets/EldamarStudio/100+ Cinematic Post Processing Profiles/Post Processing Profiles/Post-processing Profile #12.asset using Guid(904bb53e5e8cde44eaf85ca5eed8d31a) Importer(2089858483,0ecaa5967403d082aa24f35e1b516d23) Generated GUIDs only implemented for interfaces!
 -> (artifact id: 'a3d639d255553f94ee0aa00ac3cfe3b2') in 0.009355 seconds
Number of updated asset objects reloaded before import = 0
Number of asset objects unloaded after import = 1
========================================================================
Received Import Request.
  Time since last request: 0.000017 seconds.
  path: Assets/Off Axis Studios/Polyworks/Demos/DemoMeshes/CanyonRocksMergedFBX/Materials/Scene_Rocks_Orange_02.mat
  artifactKey: Guid(90ad7d3f7c839a944ab26f3995945df8) Importer(2089858483,0ecaa5967403d082aa24f35e1b516d23)
Start importing Assets/Off Axis Studios/Polyworks/Demos/DemoMeshes/CanyonRocksMergedFBX/Materials/Scene_Rocks_Orange_02.mat using Guid(90ad7d3f7c839a944ab26f3995945df8) Importer(2089858483,0ecaa5967403d082aa24f35e1b516d23) Generated GUIDs only implemented for interfaces!
 -> (artifact id: 'dde872187cf7f5564186788ffb201047') in 0.016409 seconds
Number of updated asset objects reloaded before import = 0
Number of asset objects unloaded after import = 1
========================================================================
Received Import Request.
  Time since last request: 0.000020 seconds.
  path: Assets/EldamarStudio/100+ Cinematic Post Processing Profiles/Post Processing Profiles/Post-processing Profile #54.asset
  artifactKey: Guid(c4d03c9d97b02944cbdf6624e79b0a67) Importer(2089858483,0ecaa5967403d082aa24f35e1b516d23)
Start importing Assets/EldamarStudio/100+ Cinematic Post Processing Profiles/Post Processing Profiles/Post-processing Profile #54.asset using Guid(c4d03c9d97b02944cbdf6624e79b0a67) Importer(2089858483,0ecaa5967403d082aa24f35e1b516d23) Generated GUIDs only implemented for interfaces!
 -> (artifact id: '0a25df745be97cfdf25dc2f7562556f4') in 0.010001 seconds
Number of updated asset objects reloaded before import = 0
Number of asset objects unloaded after import = 1
========================================================================
Received Import Request.
  Time since last request: 0.000020 seconds.
  path: Assets/EldamarStudio/100+ Cinematic Post Processing Profiles/LUTs/Autumn LUT #8.png
  artifactKey: Guid(353679550ab9f06429af057d8987bf0a) Importer(2089858483,0ecaa5967403d082aa24f35e1b516d23)
Start importing Assets/EldamarStudio/100+ Cinematic Post Processing Profiles/LUTs/Autumn LUT #8.png using Guid(353679550ab9f06429af057d8987bf0a) Importer(2089858483,0ecaa5967403d082aa24f35e1b516d23) Generated GUIDs only implemented for interfaces!
 -> (artifact id: 'd282c817c6f7d22e2d6042319c0797ff') in 0.020907 seconds
Number of updated asset objects reloaded before import = 0
Number of asset objects unloaded after import = 1
========================================================================
Received Import Request.
  Time since last request: 0.000022 seconds.
  path: Assets/EldamarStudio/100+ Cinematic Post Processing Profiles/Post Processing Profiles/Post-processing Profile #63.asset
  artifactKey: Guid(866e5a2b1eab09440be644f1a500b4b3) Importer(2089858483,0ecaa5967403d082aa24f35e1b516d23)
Start importing Assets/EldamarStudio/100+ Cinematic Post Processing Profiles/Post Processing Profiles/Post-processing Profile #63.asset using Guid(866e5a2b1eab09440be644f1a500b4b3) Importer(2089858483,0ecaa5967403d082aa24f35e1b516d23) Generated GUIDs only implemented for interfaces!
 -> (artifact id: 'a3543ce0521316efc430c7e0208e5478') in 0.008559 seconds
Number of updated asset objects reloaded before import = 0
Number of asset objects unloaded after import = 1
========================================================================
Received Import Request.
  Time since last request: 0.000020 seconds.
  path: Assets/EldamarStudio/100+ Cinematic Post Processing Profiles/LUTs/Matte LUT #9.png
  artifactKey: Guid(ef89ff4b9dcdb6148a0feb99fd357a3e) Importer(2089858483,0ecaa5967403d082aa24f35e1b516d23)
Start importing Assets/EldamarStudio/100+ Cinematic Post Processing Profiles/LUTs/Matte LUT #9.png using Guid(ef89ff4b9dcdb6148a0feb99fd357a3e) Importer(2089858483,0ecaa5967403d082aa24f35e1b516d23) Generated GUIDs only implemented for interfaces!
 -> (artifact id: '539066113d5f289ed9d9a549e9d7b29b') in 0.021440 seconds
Number of updated asset objects reloaded before import = 0
Number of asset objects unloaded after import = 1
========================================================================
Received Import Request.
  Time since last request: 0.000017 seconds.
  path: Assets/EldamarStudio/100+ Cinematic Post Processing Profiles/Post Processing Profiles/Post-processing Profile #64.asset
  artifactKey: Guid(b92f92cc1df2f7b4aa25a258f4071446) Importer(2089858483,0ecaa5967403d082aa24f35e1b516d23)
Start importing Assets/EldamarStudio/100+ Cinematic Post Processing Profiles/Post Processing Profiles/Post-processing Profile #64.asset using Guid(b92f92cc1df2f7b4aa25a258f4071446) Importer(2089858483,0ecaa5967403d082aa24f35e1b516d23) Generated GUIDs only implemented for interfaces!
 -> (artifact id: '2021bfb144e3b422bd45a300548619a6') in 0.008638 seconds
Number of updated asset objects reloaded before import = 0
Number of asset objects unloaded after import = 1
========================================================================
Received Import Request.
  Time since last request: 0.000021 seconds.
  path: Assets/EldamarStudio/100+ Cinematic Post Processing Profiles/LUTs/Black and White LUT #4.png
  artifactKey: Guid(22113815599c7934aa652e261f60b8c7) Importer(2089858483,0ecaa5967403d082aa24f35e1b516d23)
Start importing Assets/EldamarStudio/100+ Cinematic Post Processing Profiles/LUTs/Black and White LUT #4.png using Guid(22113815599c7934aa652e261f60b8c7) Importer(2089858483,0ecaa5967403d082aa24f35e1b516d23) Generated GUIDs only implemented for interfaces!
 -> (artifact id: '1cc6eb93dfea83c8f87f4f5235246848') in 0.023135 seconds
Number of updated asset objects reloaded before import = 0
Number of asset objects unloaded after import = 1
========================================================================
Received Import Request.
  Time since last request: 0.000019 seconds.
  path: Assets/EldamarStudio/100+ Cinematic Post Processing Profiles/Post Processing Profiles/Post-processing Profile #62.asset
  artifactKey: Guid(f600f1c2c692d844787ad81ee27f41f0) Importer(2089858483,0ecaa5967403d082aa24f35e1b516d23)
Start importing Assets/EldamarStudio/100+ Cinematic Post Processing Profiles/Post Processing Profiles/Post-processing Profile #62.asset using Guid(f600f1c2c692d844787ad81ee27f41f0) Importer(2089858483,0ecaa5967403d082aa24f35e1b516d23) Generated GUIDs only implemented for interfaces!
 -> (artifact id: '99ec3df58c451e49a9db52fc08a8ea34') in 0.009990 seconds
Number of updated asset objects reloaded before import = 0
Number of asset objects unloaded after import = 1
========================================================================
Received Import Request.
  Time since last request: 0.000019 seconds.
  path: Assets/UI/UI_Dragons/ui.png
  artifactKey: Guid(34887e7725e40a1428393136dec49e97) Importer(2089858483,0ecaa5967403d082aa24f35e1b516d23)
Start importing Assets/UI/UI_Dragons/ui.png using Guid(34887e7725e40a1428393136dec49e97) Importer(2089858483,0ecaa5967403d082aa24f35e1b516d23) Generated GUIDs only implemented for interfaces!
 -> (artifact id: '7f2ad43d1d246713d0ed3fae474f6fe6') in 0.027878 seconds
Number of updated asset objects reloaded before import = 0
Number of asset objects unloaded after import = 3
========================================================================
Received Import Request.
  Time since last request: 0.000019 seconds.
  path: Assets/EldamarStudio/100+ Cinematic Post Processing Profiles/LUTs/Sepia LUT #4.png
  artifactKey: Guid(5b1c3b1d9d64fba4cb56d028e11f94bc) Importer(2089858483,0ecaa5967403d082aa24f35e1b516d23)
Start importing Assets/EldamarStudio/100+ Cinematic Post Processing Profiles/LUTs/Sepia LUT #4.png using Guid(5b1c3b1d9d64fba4cb56d028e11f94bc) Importer(2089858483,0ecaa5967403d082aa24f35e1b516d23) Generated GUIDs only implemented for interfaces!
 -> (artifact id: '02803c3449bbc18c7fb2956f42f82f00') in 0.028007 seconds
Number of updated asset objects reloaded before import = 0
Number of asset objects unloaded after import = 1
========================================================================
Received Import Request.
  Time since last request: 0.000023 seconds.
  path: Assets/EldamarStudio/100+ Cinematic Post Processing Profiles/Post Processing Profiles/Post-processing Profile #34.asset
  artifactKey: Guid(8505300ec0504b24cbe58c881cd29b89) Importer(2089858483,0ecaa5967403d082aa24f35e1b516d23)
Start importing Assets/EldamarStudio/100+ Cinematic Post Processing Profiles/Post Processing Profiles/Post-processing Profile #34.asset using Guid(8505300ec0504b24cbe58c881cd29b89) Importer(2089858483,0ecaa5967403d082aa24f35e1b516d23) Generated GUIDs only implemented for interfaces!
 -> (artifact id: '1f989e3713222e3f71cf4f5d285f84c5') in 0.009826 seconds
Number of updated asset objects reloaded before import = 0
Number of asset objects unloaded after import = 1
========================================================================
Received Import Request.
  Time since last request: 0.000032 seconds.
  path: Assets/EldamarStudio/100+ Cinematic Post Processing Profiles/LUTs/Dreamy LUT #1.png
  artifactKey: Guid(1b3f0c74354ebaa4f9bd04af5884e07f) Importer(2089858483,0ecaa5967403d082aa24f35e1b516d23)
Start importing Assets/EldamarStudio/100+ Cinematic Post Processing Profiles/LUTs/Dreamy LUT #1.png using Guid(1b3f0c74354ebaa4f9bd04af5884e07f) Importer(2089858483,0ecaa5967403d082aa24f35e1b516d23) Generated GUIDs only implemented for interfaces!
 -> (artifact id: 'f75b10c527ae1c6d3451d8a9f68073b0') in 0.025586 seconds
Number of updated asset objects reloaded before import = 0
Number of asset objects unloaded after import = 1
Editor requested this worker to shutdown with reason: Scaling down because of idle timeout
TcpMessagingSession - receive error: operation aborted. errorcode: 995, details: La operacin de E/S se anul por una salida de subproceso o por una solicitud de aplicacin.
AssetImportWorker is now disconnected from the server
Process exiting
Exiting without the bug reporter. Application will terminate with return code 0